<?xml version="1.0" encoding="UTF-8"?>
<!-- Generated by org.testng.reporters.JUnitXMLReporter -->
<testsuite hostname="VAIO" ignored="0" name="Test" tests="3" failures="0" timestamp="01 Sep 2019 16:11:53 GMT" time="36.694" errors="0">
  <testcase name="executeLaunch" time="28.03" classname="com.mt.modules.Launch"/>
  <testcase name="executeLogin" time="6.561" classname="com.mt.modules.Login"/>
  <testcase name="closeBrowser" time="1.738" classname="com.mt.utility.CloseBrowser"/>
</testsuite> <!-- Test -->
