<?xml version="1.0" encoding="UTF-8"?>
<!-- Generated by org.testng.reporters.JUnitXMLReporter -->
<testsuite hostname="VAIO" ignored="0" name="Test" tests="3" failures="0" timestamp="01 Sep 2019 16:13:37 GMT" time="18.158" errors="0">
  <testcase name="executeLaunch" time="11.061" classname="com.mt.modules.Launch"/>
  <testcase name="executeLogin" time="5.997" classname="com.mt.modules.Login"/>
  <testcase name="closeBrowser" time="1.035" classname="com.mt.utility.CloseBrowser"/>
</testsuite> <!-- Test -->
