<?xml version="1.0" encoding="UTF-8"?>
<testng-results skipped="0" failed="0" ignored="0" total="3" passed="3">
  <reporter-output>
  </reporter-output>
  <suite name="Suite" duration-ms="18158" started-at="2019-09-01T16:13:18Z" finished-at="2019-09-01T16:13:37Z">
    <groups>
    </groups>
    <test name="Test" duration-ms="18158" started-at="2019-09-01T16:13:18Z" finished-at="2019-09-01T16:13:37Z">
      <class name="com.mt.modules.Launch">
        <test-method status="PASS" signature="executeLaunch(java.lang.String, java.lang.String, int)[pri:0, instance:com.mt.modules.Launch@c818063]" name="executeLaunch" duration-ms="11061" started-at="2019-09-01T16:13:18Z" finished-at="2019-09-01T16:13:30Z">
          <params>
            <param index="0">
              <value>
                <![CDATA[chrome]]>
              </value>
            </param>
            <param index="1">
              <value>
                <![CDATA[http://www.newtours.demoaut.com/mercurywelcome.php]]>
              </value>
            </param>
            <param index="2">
              <value>
                <![CDATA[15]]>
              </value>
            </param>
          </params>
          <reporter-output>
          </reporter-output>
        </test-method> <!-- executeLaunch -->
      </class> <!-- com.mt.modules.Launch -->
      <class name="com.mt.utility.CloseBrowser">
        <test-method status="PASS" signature="closeBrowser()[pri:0, instance:com.mt.utility.CloseBrowser@75bd9247]" name="closeBrowser" duration-ms="1035" started-at="2019-09-01T16:13:36Z" finished-at="2019-09-01T16:13:37Z">
          <reporter-output>
          </reporter-output>
        </test-method> <!-- closeBrowser -->
      </class> <!-- com.mt.utility.CloseBrowser -->
      <class name="com.mt.modules.Login">
        <test-method status="PASS" signature="executeLogin(java.lang.String, java.lang.String)[pri:0, instance:com.mt.modules.Login@3f0ee7cb]" name="executeLogin" duration-ms="5997" started-at="2019-09-01T16:13:30Z" finished-at="2019-09-01T16:13:36Z">
          <params>
            <param index="0">
              <value>
                <![CDATA[Pratiksha2Bele]]>
              </value>
            </param>
            <param index="1">
              <value>
                <![CDATA[nidhi@#]]>
              </value>
            </param>
          </params>
          <reporter-output>
          </reporter-output>
        </test-method> <!-- executeLogin -->
      </class> <!-- com.mt.modules.Login -->
    </test> <!-- Test -->
  </suite> <!-- Suite -->
</testng-results>
